<?xml version="1.0" encoding="UTF-8"?>
<!-- Generated by org.testng.reporters.JUnitReportReporter -->
<testsuite hostname="DESKTOP-GCUA7F2" failures="0" tests="1" name="com.paulhammant.ngwebdriver.AngularAndWebDriverTest" time="8.363" errors="0" timestamp="2022-12-10T00:44:13 ICT" skipped="0">
  <testcase classname="com.paulhammant.ngwebdriver.AngularAndWebDriverTest" name="model_mutation_and_query_is_possible" time="8.363"/>
  <system-out/>
</testsuite> <!-- com.paulhammant.ngwebdriver.AngularAndWebDriverTest -->
